# JRE version: Java(TM) SE Runtime Environment (8.0_281-b09) (build 1.8.0_281-b09)
# Java VM: Java HotSpot(TM) 64-Bit Server VM (25.281-b09 mixed mode windows-amd64 compressed oops)
Heap:
 PSYoungGen      total 158720K, used 86137K [0x00000000f5580000, 0x0000000100000000, 0x0000000100000000)
  eden space 145920K, 50% used [0x00000000f5580000,0x00000000f9d2a318,0x00000000fe400000)
  from space 12800K, 99% used [0x00000000ff380000,0x00000000ffff44c8,0x0000000100000000)
  to   space 14336K, 0% used [0x00000000fe400000,0x00000000fe400000,0x00000000ff200000)
 ParOldGen       total 175104K, used 17075K [0x00000000e0000000, 0x00000000eab00000, 0x00000000f5580000)
  object space 175104K, 9% used [0x00000000e0000000,0x00000000e10acfe0,0x00000000eab00000)
 Metaspace       used 47938K, capacity 49856K, committed 50176K, reserved 1091584K
  class space    used 6610K, capacity 7069K, committed 7168K, reserved 1048576K
GC Heap History (10 events):
Event: 5.402 GC heap before
{Heap before GC invocations=6 (full 1):
 PSYoungGen      total 76288K, used 65536K [0x00000000f5580000, 0x00000000fea80000, 0x0000000100000000)
  eden space 65536K, 100% used [0x00000000f5580000,0x00000000f9580000,0x00000000f9580000)
  from space 10752K, 0% used [0x00000000fa000000,0x00000000fa000000,0x00000000faa80000)
  to   space 10752K, 0% used [0x00000000f9580000,0x00000000f9580000,0x00000000fa000000)
 ParOldGen       total 175104K, used 7194K [0x00000000e0000000, 0x00000000eab00000, 0x00000000f5580000)
  object space 175104K, 4% used [0x00000000e0000000,0x00000000e0706ba8,0x00000000eab00000)
 Metaspace       used 29166K, capacity 29842K, committed 30080K, reserved 1075200K
  class space    used 3981K, capacity 4195K, committed 4224K, reserved 1048576K
Event: 5.422 GC heap after
Heap after GC invocations=6 (full 1):
 PSYoungGen      total 76288K, used 8494K [0x00000000f5580000, 0x00000000fd880000, 0x0000000100000000)
  eden space 65536K, 0% used [0x00000000f5580000,0x00000000f5580000,0x00000000f9580000)
  from space 10752K, 79% used [0x00000000f9580000,0x00000000f9dcb910,0x00000000fa000000)
  to   space 12288K, 0% used [0x00000000fcc80000,0x00000000fcc80000,0x00000000fd880000)
 ParOldGen       total 175104K, used 7202K [0x00000000e0000000, 0x00000000eab00000, 0x00000000f5580000)
  object space 175104K, 4% used [0x00000000e0000000,0x00000000e0708ba8,0x00000000eab00000)
 Metaspace       used 29166K, capacity 29842K, committed 30080K, reserved 1075200K
  class space    used 3981K, capacity 4195K, committed 4224K, reserved 1048576K
}
Event: 11.267 GC heap before
{Heap before GC invocations=7 (full 1):
 PSYoungGen      total 76288K, used 74030K [0x00000000f5580000, 0x00000000fd880000, 0x0000000100000000)
  eden space 65536K, 100% used [0x00000000f5580000,0x00000000f9580000,0x00000000f9580000)
  from space 10752K, 79% used [0x00000000f9580000,0x00000000f9dcb910,0x00000000fa000000)
  to   space 12288K, 0% used [0x00000000fcc80000,0x00000000fcc80000,0x00000000fd880000)
 ParOldGen       total 175104K, used 7202K [0x00000000e0000000, 0x00000000eab00000, 0x00000000f5580000)
  object space 175104K, 4% used [0x00000000e0000000,0x00000000e0708ba8,0x00000000eab00000)
 Metaspace       used 32204K, capacity 33052K, committed 33152K, reserved 1077248K
  class space    used 4492K, capacity 4717K, committed 4736K, reserved 1048576K
Event: 11.283 GC heap after
Heap after GC invocations=7 (full 1):
 PSYoungGen      total 116224K, used 10215K [0x00000000f5580000, 0x00000000fd680000, 0x0000000100000000)
  eden space 105984K, 0% used [0x00000000f5580000,0x00000000f5580000,0x00000000fbd00000)
  from space 10240K, 99% used [0x00000000fcc80000,0x00000000fd679c18,0x00000000fd680000)
  to   space 12288K, 0% used [0x00000000fbe80000,0x00000000fbe80000,0x00000000fca80000)
 ParOldGen       total 175104K, used 7210K [0x00000000e0000000, 0x00000000eab00000, 0x00000000f5580000)
  object space 175104K, 4% used [0x00000000e0000000,0x00000000e070aba8,0x00000000eab00000)
 Metaspace       used 32204K, capacity 33052K, committed 33152K, reserved 1077248K
  class space    used 4492K, capacity 4717K, committed 4736K, reserved 1048576K
}
Event: 11.940 GC heap before
{Heap before GC invocations=8 (full 1):
 PSYoungGen      total 116224K, used 55443K [0x00000000f5580000, 0x00000000fd680000, 0x0000000100000000)
  eden space 105984K, 42% used [0x00000000f5580000,0x00000000f81ab0e8,0x00000000fbd00000)
  from space 10240K, 99% used [0x00000000fcc80000,0x00000000fd679c18,0x00000000fd680000)
  to   space 12288K, 0% used [0x00000000fbe80000,0x00000000fbe80000,0x00000000fca80000)
 ParOldGen       total 175104K, used 7210K [0x00000000e0000000, 0x00000000eab00000, 0x00000000f5580000)
  object space 175104K, 4% used [0x00000000e0000000,0x00000000e070aba8,0x00000000eab00000)
 Metaspace       used 34306K, capacity 35328K, committed 35456K, reserved 1079296K
  class space    used 4822K, capacity 5121K, committed 5248K, reserved 1048576K
Event: 11.952 GC heap after
Heap after GC invocations=8 (full 1):
 PSYoungGen      total 119808K, used 10784K [0x00000000f5580000, 0x0000000100000000, 0x0000000100000000)
  eden space 107520K, 0% used [0x00000000f5580000,0x00000000f5580000,0x00000000fbe80000)
  from space 12288K, 87% used [0x00000000fbe80000,0x00000000fc9080d0,0x00000000fca80000)
  to   space 12800K, 0% used [0x00000000ff380000,0x00000000ff380000,0x0000000100000000)
 ParOldGen       total 175104K, used 7218K [0x00000000e0000000, 0x00000000eab00000, 0x00000000f5580000)
  object space 175104K, 4% used [0x00000000e0000000,0x00000000e070cba8,0x00000000eab00000)
 Metaspace       used 34306K, capacity 35328K, committed 35456K, reserved 1079296K
  class space    used 4822K, capacity 5121K, committed 5248K, reserved 1048576K
}
Event: 11.952 GC heap before
{Heap before GC invocations=9 (full 2):
 PSYoungGen      total 119808K, used 10784K [0x00000000f5580000, 0x0000000100000000, 0x0000000100000000)
  eden space 107520K, 0% used [0x00000000f5580000,0x00000000f5580000,0x00000000fbe80000)
  from space 12288K, 87% used [0x00000000fbe80000,0x00000000fc9080d0,0x00000000fca80000)
  to   space 12800K, 0% used [0x00000000ff380000,0x00000000ff380000,0x0000000100000000)
 ParOldGen       total 175104K, used 7218K [0x00000000e0000000, 0x00000000eab00000, 0x00000000f5580000)
  object space 175104K, 4% used [0x00000000e0000000,0x00000000e070cba8,0x00000000eab00000)
 Metaspace       used 34306K, capacity 35328K, committed 35456K, reserved 1079296K
  class space    used 4822K, capacity 5121K, committed 5248K, reserved 1048576K
Event: 12.023 GC heap after
Heap after GC invocations=9 (full 2):
 PSYoungGen      total 119808K, used 0K [0x00000000f5580000, 0x0000000100000000, 0x0000000100000000)
  eden space 107520K, 0% used [0x00000000f5580000,0x00000000f5580000,0x00000000fbe80000)
  from space 12288K, 0% used [0x00000000fbe80000,0x00000000fbe80000,0x00000000fca80000)
  to   space 12800K, 0% used [0x00000000ff380000,0x00000000ff380000,0x0000000100000000)
 ParOldGen       total 175104K, used 17067K [0x00000000e0000000, 0x00000000eab00000, 0x00000000f5580000)
  object space 175104K, 9% used [0x00000000e0000000,0x00000000e10aafe0,0x00000000eab00000)
 Metaspace       used 34306K, capacity 35328K, committed 35456K, reserved 1079296K
  class space    used 4822K, capacity 5121K, committed 5248K, reserved 1048576K
}
Event: 16.196 GC heap before
{Heap before GC invocations=10 (full 2):
 PSYoungGen      total 119808K, used 107520K [0x00000000f5580000, 0x0000000100000000, 0x0000000100000000)
  eden space 107520K, 100% used [0x00000000f5580000,0x00000000fbe80000,0x00000000fbe80000)
  from space 12288K, 0% used [0x00000000fbe80000,0x00000000fbe80000,0x00000000fca80000)
  to   space 12800K, 0% used [0x00000000ff380000,0x00000000ff380000,0x0000000100000000)
 ParOldGen       total 175104K, used 17067K [0x00000000e0000000, 0x00000000eab00000, 0x00000000f5580000)
  object space 175104K, 9% used [0x00000000e0000000,0x00000000e10aafe0,0x00000000eab00000)
 Metaspace       used 43643K, capacity 45474K, committed 45696K, reserved 1089536K
  class space    used 6049K, capacity 6476K, committed 6528K, reserved 1048576K
Event: 16.213 GC heap after
Heap after GC invocations=10 (full 2):
 PSYoungGen      total 158720K, used 12753K [0x00000000f5580000, 0x0000000100000000, 0x0000000100000000)
  eden space 145920K, 0% used [0x00000000f5580000,0x00000000f5580000,0x00000000fe400000)
  from space 12800K, 99% used [0x00000000ff380000,0x00000000ffff44c8,0x0000000100000000)
  to   space 14336K, 0% used [0x00000000fe400000,0x00000000fe400000,0x00000000ff200000)
 ParOldGen       total 175104K, used 17075K [0x00000000e0000000, 0x00000000eab00000, 0x00000000f5580000)
  object space 175104K, 9% used [0x00000000e0000000,0x00000000e10acfe0,0x00000000eab00000)
 Metaspace       used 43643K, capacity 45474K, committed 45696K, reserved 1089536K
  class space    used 6049K, capacity 6476K, committed 6528K, reserved 1048576K
}

