# JRE version: Java(TM) SE Runtime Environment (8.0_281-b09) (build 1.8.0_281-b09)
# Java VM: Java HotSpot(TM) 64-Bit Server VM (25.281-b09 mixed mode windows-amd64 compressed oops)
Heap:
 PSYoungGen      total 158720K, used 123439K [0x00000000f5580000, 0x0000000100000000, 0x0000000100000000)
  eden space 145920K, 75% used [0x00000000f5580000,0x00000000fc1921a8,0x00000000fe400000)
  from space 12800K, 99% used [0x00000000ff380000,0x00000000ffff9d08,0x0000000100000000)
  to   space 14336K, 0% used [0x00000000fe400000,0x00000000fe400000,0x00000000ff200000)
 ParOldGen       total 175104K, used 17134K [0x00000000e0000000, 0x00000000eab00000, 0x00000000f5580000)
  object space 175104K, 9% used [0x00000000e0000000,0x00000000e10bbab8,0x00000000eab00000)
 Metaspace       used 48862K, capacity 50820K, committed 51072K, reserved 1093632K
  class space    used 6760K, capacity 7278K, committed 7296K, reserved 1048576K
GC Heap History (10 events):
Event: 3.741 GC heap before
{Heap before GC invocations=6 (full 1):
 PSYoungGen      total 76288K, used 65536K [0x00000000f5580000, 0x00000000fea80000, 0x0000000100000000)
  eden space 65536K, 100% used [0x00000000f5580000,0x00000000f9580000,0x00000000f9580000)
  from space 10752K, 0% used [0x00000000fa000000,0x00000000fa000000,0x00000000faa80000)
  to   space 10752K, 0% used [0x00000000f9580000,0x00000000f9580000,0x00000000fa000000)
 ParOldGen       total 175104K, used 7311K [0x00000000e0000000, 0x00000000eab00000, 0x00000000f5580000)
  object space 175104K, 4% used [0x00000000e0000000,0x00000000e0723e90,0x00000000eab00000)
 Metaspace       used 29279K, capacity 30002K, committed 30208K, reserved 1075200K
  class space    used 4009K, capacity 4227K, committed 4352K, reserved 1048576K
Event: 3.746 GC heap after
Heap after GC invocations=6 (full 1):
 PSYoungGen      total 76288K, used 8410K [0x00000000f5580000, 0x00000000fd680000, 0x0000000100000000)
  eden space 65536K, 0% used [0x00000000f5580000,0x00000000f5580000,0x00000000f9580000)
  from space 10752K, 78% used [0x00000000f9580000,0x00000000f9db6a68,0x00000000fa000000)
  to   space 12288K, 0% used [0x00000000fca80000,0x00000000fca80000,0x00000000fd680000)
 ParOldGen       total 175104K, used 7319K [0x00000000e0000000, 0x00000000eab00000, 0x00000000f5580000)
  object space 175104K, 4% used [0x00000000e0000000,0x00000000e0725e90,0x00000000eab00000)
 Metaspace       used 29279K, capacity 30002K, committed 30208K, reserved 1075200K
  class space    used 4009K, capacity 4227K, committed 4352K, reserved 1048576K
}
Event: 7.789 GC heap before
{Heap before GC invocations=7 (full 1):
 PSYoungGen      total 76288K, used 73946K [0x00000000f5580000, 0x00000000fd680000, 0x0000000100000000)
  eden space 65536K, 100% used [0x00000000f5580000,0x00000000f9580000,0x00000000f9580000)
  from space 10752K, 78% used [0x00000000f9580000,0x00000000f9db6a68,0x00000000fa000000)
  to   space 12288K, 0% used [0x00000000fca80000,0x00000000fca80000,0x00000000fd680000)
 ParOldGen       total 175104K, used 7319K [0x00000000e0000000, 0x00000000eab00000, 0x00000000f5580000)
  object space 175104K, 4% used [0x00000000e0000000,0x00000000e0725e90,0x00000000eab00000)
 Metaspace       used 32195K, capacity 33052K, committed 33152K, reserved 1077248K
  class space    used 4492K, capacity 4717K, committed 4736K, reserved 1048576K
Event: 7.802 GC heap after
Heap after GC invocations=7 (full 1):
 PSYoungGen      total 114176K, used 10136K [0x00000000f5580000, 0x00000000fd480000, 0x0000000100000000)
  eden space 103936K, 0% used [0x00000000f5580000,0x00000000f5580000,0x00000000fbb00000)
  from space 10240K, 98% used [0x00000000fca80000,0x00000000fd466258,0x00000000fd480000)
  to   space 12288K, 0% used [0x00000000fbc80000,0x00000000fbc80000,0x00000000fc880000)
 ParOldGen       total 175104K, used 7327K [0x00000000e0000000, 0x00000000eab00000, 0x00000000f5580000)
  object space 175104K, 4% used [0x00000000e0000000,0x00000000e0727e90,0x00000000eab00000)
 Metaspace       used 32195K, capacity 33052K, committed 33152K, reserved 1077248K
  class space    used 4492K, capacity 4717K, committed 4736K, reserved 1048576K
}
Event: 8.530 GC heap before
{Heap before GC invocations=8 (full 1):
 PSYoungGen      total 114176K, used 51364K [0x00000000f5580000, 0x00000000fd480000, 0x0000000100000000)
  eden space 103936K, 39% used [0x00000000f5580000,0x00000000f7dc2e10,0x00000000fbb00000)
  from space 10240K, 98% used [0x00000000fca80000,0x00000000fd466258,0x00000000fd480000)
  to   space 12288K, 0% used [0x00000000fbc80000,0x00000000fbc80000,0x00000000fc880000)
 ParOldGen       total 175104K, used 7327K [0x00000000e0000000, 0x00000000eab00000, 0x00000000f5580000)
  object space 175104K, 4% used [0x00000000e0000000,0x00000000e0727e90,0x00000000eab00000)
 Metaspace       used 34299K, capacity 35328K, committed 35456K, reserved 1079296K
  class space    used 4822K, capacity 5121K, committed 5248K, reserved 1048576K
Event: 8.544 GC heap after
Heap after GC invocations=8 (full 1):
 PSYoungGen      total 117760K, used 10641K [0x00000000f5580000, 0x0000000100000000, 0x0000000100000000)
  eden space 105472K, 0% used [0x00000000f5580000,0x00000000f5580000,0x00000000fbc80000)
  from space 12288K, 86% used [0x00000000fbc80000,0x00000000fc6e4550,0x00000000fc880000)
  to   space 12800K, 0% used [0x00000000ff380000,0x00000000ff380000,0x0000000100000000)
 ParOldGen       total 175104K, used 7335K [0x00000000e0000000, 0x00000000eab00000, 0x00000000f5580000)
  object space 175104K, 4% used [0x00000000e0000000,0x00000000e0729e90,0x00000000eab00000)
 Metaspace       used 34299K, capacity 35328K, committed 35456K, reserved 1079296K
  class space    used 4822K, capacity 5121K, committed 5248K, reserved 1048576K
}
Event: 8.544 GC heap before
{Heap before GC invocations=9 (full 2):
 PSYoungGen      total 117760K, used 10641K [0x00000000f5580000, 0x0000000100000000, 0x0000000100000000)
  eden space 105472K, 0% used [0x00000000f5580000,0x00000000f5580000,0x00000000fbc80000)
  from space 12288K, 86% used [0x00000000fbc80000,0x00000000fc6e4550,0x00000000fc880000)
  to   space 12800K, 0% used [0x00000000ff380000,0x00000000ff380000,0x0000000100000000)
 ParOldGen       total 175104K, used 7335K [0x00000000e0000000, 0x00000000eab00000, 0x00000000f5580000)
  object space 175104K, 4% used [0x00000000e0000000,0x00000000e0729e90,0x00000000eab00000)
 Metaspace       used 34299K, capacity 35328K, committed 35456K, reserved 1079296K
  class space    used 4822K, capacity 5121K, committed 5248K, reserved 1048576K
Event: 8.613 GC heap after
Heap after GC invocations=9 (full 2):
 PSYoungGen      total 117760K, used 0K [0x00000000f5580000, 0x0000000100000000, 0x0000000100000000)
  eden space 105472K, 0% used [0x00000000f5580000,0x00000000f5580000,0x00000000fbc80000)
  from space 12288K, 0% used [0x00000000fbc80000,0x00000000fbc80000,0x00000000fc880000)
  to   space 12800K, 0% used [0x00000000ff380000,0x00000000ff380000,0x0000000100000000)
 ParOldGen       total 175104K, used 17078K [0x00000000e0000000, 0x00000000eab00000, 0x00000000f5580000)
  object space 175104K, 9% used [0x00000000e0000000,0x00000000e10adab8,0x00000000eab00000)
 Metaspace       used 34299K, capacity 35328K, committed 35456K, reserved 1079296K
  class space    used 4822K, capacity 5121K, committed 5248K, reserved 1048576K
}
Event: 11.619 GC heap before
{Heap before GC invocations=10 (full 2):
 PSYoungGen      total 117760K, used 105472K [0x00000000f5580000, 0x0000000100000000, 0x0000000100000000)
  eden space 105472K, 100% used [0x00000000f5580000,0x00000000fbc80000,0x00000000fbc80000)
  from space 12288K, 0% used [0x00000000fbc80000,0x00000000fbc80000,0x00000000fc880000)
  to   space 12800K, 0% used [0x00000000ff380000,0x00000000ff380000,0x0000000100000000)
 ParOldGen       total 175104K, used 17078K [0x00000000e0000000, 0x00000000eab00000, 0x00000000f5580000)
  object space 175104K, 9% used [0x00000000e0000000,0x00000000e10adab8,0x00000000eab00000)
 Metaspace       used 43535K, capacity 45264K, committed 45440K, reserved 1087488K
  class space    used 6028K, capacity 6463K, committed 6528K, reserved 1048576K
Event: 11.649 GC heap after
Heap after GC invocations=10 (full 2):
 PSYoungGen      total 158720K, used 12775K [0x00000000f5580000, 0x0000000100000000, 0x0000000100000000)
  eden space 145920K, 0% used [0x00000000f5580000,0x00000000f5580000,0x00000000fe400000)
  from space 12800K, 99% used [0x00000000ff380000,0x00000000ffff9d08,0x0000000100000000)
  to   space 14336K, 0% used [0x00000000fe400000,0x00000000fe400000,0x00000000ff200000)
 ParOldGen       total 175104K, used 17134K [0x00000000e0000000, 0x00000000eab00000, 0x00000000f5580000)
  object space 175104K, 9% used [0x00000000e0000000,0x00000000e10bbab8,0x00000000eab00000)
 Metaspace       used 43535K, capacity 45264K, committed 45440K, reserved 1087488K
  class space    used 6028K, capacity 6463K, committed 6528K, reserved 1048576K
}

