# JRE version: Java(TM) SE Runtime Environment (8.0_281-b09) (build 1.8.0_281-b09)
# Java VM: Java HotSpot(TM) 64-Bit Server VM (25.281-b09 mixed mode windows-amd64 compressed oops)
Heap:
 PSYoungGen      total 148480K, used 96792K [0x00000000f5580000, 0x0000000100000000, 0x0000000100000000)
  eden space 132608K, 61% used [0x00000000f5580000,0x00000000fa4b1398,0x00000000fd700000)
  from space 15872K, 98% used [0x00000000fd700000,0x00000000fe654ce8,0x00000000fe680000)
  to   space 21504K, 0% used [0x00000000feb00000,0x00000000feb00000,0x0000000100000000)
 ParOldGen       total 213504K, used 36465K [0x00000000e0000000, 0x00000000ed080000, 0x00000000f5580000)
  object space 213504K, 17% used [0x00000000e0000000,0x00000000e239c538,0x00000000ed080000)
 Metaspace       used 64682K, capacity 68622K, committed 68736K, reserved 1107968K
  class space    used 9117K, capacity 10078K, committed 10112K, reserved 1048576K
GC Heap History (10 events):
Event: 9.605 GC heap before
{Heap before GC invocations=10 (full 2):
 PSYoungGen      total 116736K, used 104448K [0x00000000f5580000, 0x0000000100000000, 0x0000000100000000)
  eden space 104448K, 100% used [0x00000000f5580000,0x00000000fbb80000,0x00000000fbb80000)
  from space 12288K, 0% used [0x00000000fbb80000,0x00000000fbb80000,0x00000000fc780000)
  to   space 12800K, 0% used [0x00000000ff380000,0x00000000ff380000,0x0000000100000000)
 ParOldGen       total 175104K, used 17081K [0x00000000e0000000, 0x00000000eab00000, 0x00000000f5580000)
  object space 175104K, 9% used [0x00000000e0000000,0x00000000e10ae438,0x00000000eab00000)
 Metaspace       used 43253K, capacity 45038K, committed 45184K, reserved 1087488K
  class space    used 6013K, capacity 6442K, committed 6528K, reserved 1048576K
Event: 9.617 GC heap after
Heap after GC invocations=10 (full 2):
 PSYoungGen      total 159744K, used 11928K [0x00000000f5580000, 0x0000000100000000, 0x0000000100000000)
  eden space 146944K, 0% used [0x00000000f5580000,0x00000000f5580000,0x00000000fe500000)
  from space 12800K, 93% used [0x00000000ff380000,0x00000000fff262a0,0x0000000100000000)
  to   space 13824K, 0% used [0x00000000fe500000,0x00000000fe500000,0x00000000ff280000)
 ParOldGen       total 175104K, used 17089K [0x00000000e0000000, 0x00000000eab00000, 0x00000000f5580000)
  object space 175104K, 9% used [0x00000000e0000000,0x00000000e10b0438,0x00000000eab00000)
 Metaspace       used 43253K, capacity 45038K, committed 45184K, reserved 1087488K
  class space    used 6013K, capacity 6442K, committed 6528K, reserved 1048576K
}
Event: 14.959 GC heap before
{Heap before GC invocations=11 (full 2):
 PSYoungGen      total 159744K, used 158872K [0x00000000f5580000, 0x0000000100000000, 0x0000000100000000)
  eden space 146944K, 100% used [0x00000000f5580000,0x00000000fe500000,0x00000000fe500000)
  from space 12800K, 93% used [0x00000000ff380000,0x00000000fff262a0,0x0000000100000000)
  to   space 13824K, 0% used [0x00000000fe500000,0x00000000fe500000,0x00000000ff280000)
 ParOldGen       total 175104K, used 17089K [0x00000000e0000000, 0x00000000eab00000, 0x00000000f5580000)
  object space 175104K, 9% used [0x00000000e0000000,0x00000000e10b0438,0x00000000eab00000)
 Metaspace       used 52123K, capacity 54370K, committed 54400K, reserved 1095680K
  class space    used 7227K, capacity 7778K, committed 7808K, reserved 1048576K
Event: 14.993 GC heap after
Heap after GC invocations=11 (full 2):
 PSYoungGen      total 160768K, used 13810K [0x00000000f5580000, 0x0000000100000000, 0x0000000100000000)
  eden space 146944K, 0% used [0x00000000f5580000,0x00000000f5580000,0x00000000fe500000)
  from space 13824K, 99% used [0x00000000fe500000,0x00000000ff27cad0,0x00000000ff280000)
  to   space 13824K, 0% used [0x00000000ff280000,0x00000000ff280000,0x0000000100000000)
 ParOldGen       total 175104K, used 24149K [0x00000000e0000000, 0x00000000eab00000, 0x00000000f5580000)
  object space 175104K, 13% used [0x00000000e0000000,0x00000000e17955a0,0x00000000eab00000)
 Metaspace       used 52123K, capacity 54370K, committed 54400K, reserved 1095680K
  class space    used 7227K, capacity 7778K, committed 7808K, reserved 1048576K
}
Event: 16.372 GC heap before
{Heap before GC invocations=12 (full 2):
 PSYoungGen      total 160768K, used 90873K [0x00000000f5580000, 0x0000000100000000, 0x0000000100000000)
  eden space 146944K, 52% used [0x00000000f5580000,0x00000000fa0c1b20,0x00000000fe500000)
  from space 13824K, 99% used [0x00000000fe500000,0x00000000ff27cad0,0x00000000ff280000)
  to   space 13824K, 0% used [0x00000000ff280000,0x00000000ff280000,0x0000000100000000)
 ParOldGen       total 175104K, used 24149K [0x00000000e0000000, 0x00000000eab00000, 0x00000000f5580000)
  object space 175104K, 13% used [0x00000000e0000000,0x00000000e17955a0,0x00000000eab00000)
 Metaspace       used 56504K, capacity 58998K, committed 59096K, reserved 1099776K
  class space    used 7898K, capacity 8498K, committed 8576K, reserved 1048576K
Event: 16.393 GC heap after
Heap after GC invocations=12 (full 2):
 PSYoungGen      total 146432K, used 13810K [0x00000000f5580000, 0x0000000100000000, 0x0000000100000000)
  eden space 132608K, 0% used [0x00000000f5580000,0x00000000f5580000,0x00000000fd700000)
  from space 13824K, 99% used [0x00000000ff280000,0x00000000ffffca40,0x0000000100000000)
  to   space 20992K, 0% used [0x00000000fd700000,0x00000000fd700000,0x00000000feb80000)
 ParOldGen       total 175104K, used 31584K [0x00000000e0000000, 0x00000000eab00000, 0x00000000f5580000)
  object space 175104K, 18% used [0x00000000e0000000,0x00000000e1ed80d8,0x00000000eab00000)
 Metaspace       used 56504K, capacity 58998K, committed 59096K, reserved 1099776K
  class space    used 7898K, capacity 8498K, committed 8576K, reserved 1048576K
}
Event: 16.393 GC heap before
{Heap before GC invocations=13 (full 3):
 PSYoungGen      total 146432K, used 13810K [0x00000000f5580000, 0x0000000100000000, 0x0000000100000000)
  eden space 132608K, 0% used [0x00000000f5580000,0x00000000f5580000,0x00000000fd700000)
  from space 13824K, 99% used [0x00000000ff280000,0x00000000ffffca40,0x0000000100000000)
  to   space 20992K, 0% used [0x00000000fd700000,0x00000000fd700000,0x00000000feb80000)
 ParOldGen       total 175104K, used 31584K [0x00000000e0000000, 0x00000000eab00000, 0x00000000f5580000)
  object space 175104K, 18% used [0x00000000e0000000,0x00000000e1ed80d8,0x00000000eab00000)
 Metaspace       used 56504K, capacity 58998K, committed 59096K, reserved 1099776K
  class space    used 7898K, capacity 8498K, committed 8576K, reserved 1048576K
Event: 16.753 GC heap after
Heap after GC invocations=13 (full 3):
 PSYoungGen      total 146432K, used 0K [0x00000000f5580000, 0x0000000100000000, 0x0000000100000000)
  eden space 132608K, 0% used [0x00000000f5580000,0x00000000f5580000,0x00000000fd700000)
  from space 13824K, 0% used [0x00000000ff280000,0x00000000ff280000,0x0000000100000000)
  to   space 20992K, 0% used [0x00000000fd700000,0x00000000fd700000,0x00000000feb80000)
 ParOldGen       total 213504K, used 36457K [0x00000000e0000000, 0x00000000ed080000, 0x00000000f5580000)
  object space 213504K, 17% used [0x00000000e0000000,0x00000000e239a538,0x00000000ed080000)
 Metaspace       used 56466K, capacity 58872K, committed 59096K, reserved 1099776K
  class space    used 7886K, capacity 8477K, committed 8576K, reserved 1048576K
}
Event: 19.093 GC heap before
{Heap before GC invocations=14 (full 3):
 PSYoungGen      total 146432K, used 132608K [0x00000000f5580000, 0x0000000100000000, 0x0000000100000000)
  eden space 132608K, 100% used [0x00000000f5580000,0x00000000fd700000,0x00000000fd700000)
  from space 13824K, 0% used [0x00000000ff280000,0x00000000ff280000,0x0000000100000000)
  to   space 20992K, 0% used [0x00000000fd700000,0x00000000fd700000,0x00000000feb80000)
 ParOldGen       total 213504K, used 36457K [0x00000000e0000000, 0x00000000ed080000, 0x00000000f5580000)
  object space 213504K, 17% used [0x00000000e0000000,0x00000000e239a538,0x00000000ed080000)
 Metaspace       used 62342K, capacity 65444K, committed 65664K, reserved 1105920K
  class space    used 8802K, capacity 9569K, committed 9600K, reserved 1048576K
Event: 19.109 GC heap after
Heap after GC invocations=14 (full 3):
 PSYoungGen      total 148480K, used 15699K [0x00000000f5580000, 0x0000000100000000, 0x0000000100000000)
  eden space 132608K, 0% used [0x00000000f5580000,0x00000000f5580000,0x00000000fd700000)
  from space 15872K, 98% used [0x00000000fd700000,0x00000000fe654ce8,0x00000000fe680000)
  to   space 21504K, 0% used [0x00000000feb00000,0x00000000feb00000,0x0000000100000000)
 ParOldGen       total 213504K, used 36465K [0x00000000e0000000, 0x00000000ed080000, 0x00000000f5580000)
  object space 213504K, 17% used [0x00000000e0000000,0x00000000e239c538,0x00000000ed080000)
 Metaspace       used 62342K, capacity 65444K, committed 65664K, reserved 1105920K
  class space    used 8802K, capacity 9569K, committed 9600K, reserved 1048576K
}

