# JRE version: Java(TM) SE Runtime Environment (8.0_281-b09) (build 1.8.0_281-b09)
# Java VM: Java HotSpot(TM) 64-Bit Server VM (25.281-b09 mixed mode windows-amd64 compressed oops)
Heap:
 PSYoungGen      total 133632K, used 75942K [0x00000000f5580000, 0x0000000100000000, 0x0000000100000000)
  eden space 92672K, 79% used [0x00000000f5580000,0x00000000f9d89970,0x00000000fb000000)
  from space 40960K, 5% used [0x00000000fb000000,0x00000000fb220000,0x00000000fd800000)
  to   space 40960K, 0% used [0x00000000fd800000,0x00000000fd800000,0x0000000100000000)
 ParOldGen       total 202240K, used 143137K [0x00000000e0000000, 0x00000000ec580000, 0x00000000f5580000)
  object space 202240K, 70% used [0x00000000e0000000,0x00000000e8bc8428,0x00000000ec580000)
 Metaspace       used 81746K, capacity 88578K, committed 88704K, reserved 1126400K
  class space    used 11090K, capacity 12410K, committed 12416K, reserved 1048576K
GC Heap History (10 events):
Event: 46.909 GC heap before
{Heap before GC invocations=20 (full 3):
 PSYoungGen      total 134144K, used 114704K [0x00000000f5580000, 0x0000000100000000, 0x0000000100000000)
  eden space 100864K, 100% used [0x00000000f5580000,0x00000000fb800000,0x00000000fb800000)
  from space 33280K, 41% used [0x00000000fdf80000,0x00000000fed04060,0x0000000100000000)
  to   space 36864K, 0% used [0x00000000fb800000,0x00000000fb800000,0x00000000fdc00000)
 ParOldGen       total 202240K, used 93737K [0x00000000e0000000, 0x00000000ec580000, 0x00000000f5580000)
  object space 202240K, 46% used [0x00000000e0000000,0x00000000e5b8a6e8,0x00000000ec580000)
 Metaspace       used 78253K, capacity 83872K, committed 83968K, reserved 1122304K
  class space    used 10810K, capacity 11983K, committed 12032K, reserved 1048576K
Event: 46.938 GC heap after
Heap after GC invocations=20 (full 3):
 PSYoungGen      total 137728K, used 6160K [0x00000000f5580000, 0x0000000100000000, 0x0000000100000000)
  eden space 100864K, 0% used [0x00000000f5580000,0x00000000f5580000,0x00000000fb800000)
  from space 36864K, 16% used [0x00000000fb800000,0x00000000fbe04090,0x00000000fdc00000)
  to   space 36864K, 0% used [0x00000000fdc00000,0x00000000fdc00000,0x0000000100000000)
 ParOldGen       total 202240K, used 104364K [0x00000000e0000000, 0x00000000ec580000, 0x00000000f5580000)
  object space 202240K, 51% used [0x00000000e0000000,0x00000000e65eb0a8,0x00000000ec580000)
 Metaspace       used 78253K, capacity 83872K, committed 83968K, reserved 1122304K
  class space    used 10810K, capacity 11983K, committed 12032K, reserved 1048576K
}
Event: 390.635 GC heap before
{Heap before GC invocations=21 (full 3):
 PSYoungGen      total 137728K, used 107024K [0x00000000f5580000, 0x0000000100000000, 0x0000000100000000)
  eden space 100864K, 100% used [0x00000000f5580000,0x00000000fb800000,0x00000000fb800000)
  from space 36864K, 16% used [0x00000000fb800000,0x00000000fbe04090,0x00000000fdc00000)
  to   space 36864K, 0% used [0x00000000fdc00000,0x00000000fdc00000,0x0000000100000000)
 ParOldGen       total 202240K, used 104364K [0x00000000e0000000, 0x00000000ec580000, 0x00000000f5580000)
  object space 202240K, 51% used [0x00000000e0000000,0x00000000e65eb0a8,0x00000000ec580000)
 Metaspace       used 80561K, capacity 86672K, committed 86784K, reserved 1124352K
  class space    used 10975K, capacity 12207K, committed 12288K, reserved 1048576K
Event: 390.749 GC heap after
Heap after GC invocations=21 (full 3):
 PSYoungGen      total 135680K, used 19531K [0x00000000f5580000, 0x00000000ffe00000, 0x0000000100000000)
  eden space 100864K, 0% used [0x00000000f5580000,0x00000000f5580000,0x00000000fb800000)
  from space 34816K, 56% used [0x00000000fdc00000,0x00000000fef12f78,0x00000000ffe00000)
  to   space 35840K, 0% used [0x00000000fb800000,0x00000000fb800000,0x00000000fdb00000)
 ParOldGen       total 202240K, used 108076K [0x00000000e0000000, 0x00000000ec580000, 0x00000000f5580000)
  object space 202240K, 53% used [0x00000000e0000000,0x00000000e698b0d8,0x00000000ec580000)
 Metaspace       used 80561K, capacity 86672K, committed 86784K, reserved 1124352K
  class space    used 10975K, capacity 12207K, committed 12288K, reserved 1048576K
}
Event: 392.221 GC heap before
{Heap before GC invocations=22 (full 3):
 PSYoungGen      total 135680K, used 120395K [0x00000000f5580000, 0x00000000ffe00000, 0x0000000100000000)
  eden space 100864K, 100% used [0x00000000f5580000,0x00000000fb800000,0x00000000fb800000)
  from space 34816K, 56% used [0x00000000fdc00000,0x00000000fef12f78,0x00000000ffe00000)
  to   space 35840K, 0% used [0x00000000fb800000,0x00000000fb800000,0x00000000fdb00000)
 ParOldGen       total 202240K, used 108076K [0x00000000e0000000, 0x00000000ec580000, 0x00000000f5580000)
  object space 202240K, 53% used [0x00000000e0000000,0x00000000e698b0d8,0x00000000ec580000)
 Metaspace       used 80780K, capacity 86866K, committed 87040K, reserved 1124352K
  class space    used 10986K, capacity 12226K, committed 12288K, reserved 1048576K
Event: 392.327 GC heap after
Heap after GC invocations=22 (full 3):
 PSYoungGen      total 135168K, used 34204K [0x00000000f5580000, 0x0000000100000000, 0x0000000100000000)
  eden space 100864K, 0% used [0x00000000f5580000,0x00000000f5580000,0x00000000fb800000)
  from space 34304K, 99% used [0x00000000fb800000,0x00000000fd967390,0x00000000fd980000)
  to   space 39424K, 0% used [0x00000000fd980000,0x00000000fd980000,0x0000000100000000)
 ParOldGen       total 202240K, used 108084K [0x00000000e0000000, 0x00000000ec580000, 0x00000000f5580000)
  object space 202240K, 53% used [0x00000000e0000000,0x00000000e698d0d8,0x00000000ec580000)
 Metaspace       used 80780K, capacity 86866K, committed 87040K, reserved 1124352K
  class space    used 10986K, capacity 12226K, committed 12288K, reserved 1048576K
}
Event: 394.319 GC heap before
{Heap before GC invocations=23 (full 3):
 PSYoungGen      total 135168K, used 135068K [0x00000000f5580000, 0x0000000100000000, 0x0000000100000000)
  eden space 100864K, 100% used [0x00000000f5580000,0x00000000fb800000,0x00000000fb800000)
  from space 34304K, 99% used [0x00000000fb800000,0x00000000fd967390,0x00000000fd980000)
  to   space 39424K, 0% used [0x00000000fd980000,0x00000000fd980000,0x0000000100000000)
 ParOldGen       total 202240K, used 108084K [0x00000000e0000000, 0x00000000ec580000, 0x00000000f5580000)
  object space 202240K, 53% used [0x00000000e0000000,0x00000000e698d0d8,0x00000000ec580000)
 Metaspace       used 81110K, capacity 87410K, committed 87680K, reserved 1124352K
  class space    used 11024K, capacity 12294K, committed 12416K, reserved 1048576K
Event: 394.369 GC heap after
Heap after GC invocations=23 (full 3):
 PSYoungGen      total 132096K, used 2624K [0x00000000f5580000, 0x0000000100000000, 0x0000000100000000)
  eden space 92672K, 0% used [0x00000000f5580000,0x00000000f5580000,0x00000000fb000000)
  from space 39424K, 6% used [0x00000000fd980000,0x00000000fdc10020,0x0000000100000000)
  to   space 40960K, 0% used [0x00000000fb000000,0x00000000fb000000,0x00000000fd800000)
 ParOldGen       total 202240K, used 141027K [0x00000000e0000000, 0x00000000ec580000, 0x00000000f5580000)
  object space 202240K, 69% used [0x00000000e0000000,0x00000000e89b8ce0,0x00000000ec580000)
 Metaspace       used 81110K, capacity 87410K, committed 87680K, reserved 1124352K
  class space    used 11024K, capacity 12294K, committed 12416K, reserved 1048576K
}
Event: 396.052 GC heap before
{Heap before GC invocations=24 (full 3):
 PSYoungGen      total 132096K, used 95296K [0x00000000f5580000, 0x0000000100000000, 0x0000000100000000)
  eden space 92672K, 100% used [0x00000000f5580000,0x00000000fb000000,0x00000000fb000000)
  from space 39424K, 6% used [0x00000000fd980000,0x00000000fdc10020,0x0000000100000000)
  to   space 40960K, 0% used [0x00000000fb000000,0x00000000fb000000,0x00000000fd800000)
 ParOldGen       total 202240K, used 141027K [0x00000000e0000000, 0x00000000ec580000, 0x00000000f5580000)
  object space 202240K, 69% used [0x00000000e0000000,0x00000000e89b8ce0,0x00000000ec580000)
 Metaspace       used 81211K, capacity 87568K, committed 87680K, reserved 1124352K
  class space    used 11032K, capacity 12309K, committed 12416K, reserved 1048576K
Event: 396.060 GC heap after
Heap after GC invocations=24 (full 3):
 PSYoungGen      total 133632K, used 2176K [0x00000000f5580000, 0x0000000100000000, 0x0000000100000000)
  eden space 92672K, 0% used [0x00000000f5580000,0x00000000f5580000,0x00000000fb000000)
  from space 40960K, 5% used [0x00000000fb000000,0x00000000fb220000,0x00000000fd800000)
  to   space 40960K, 0% used [0x00000000fd800000,0x00000000fd800000,0x0000000100000000)
 ParOldGen       total 202240K, used 143137K [0x00000000e0000000, 0x00000000ec580000, 0x00000000f5580000)
  object space 202240K, 70% used [0x00000000e0000000,0x00000000e8bc8428,0x00000000ec580000)
 Metaspace       used 81211K, capacity 87568K, committed 87680K, reserved 1124352K
  class space    used 11032K, capacity 12309K, committed 12416K, reserved 1048576K
}

