# JRE version: Java(TM) SE Runtime Environment (8.0_281-b09) (build 1.8.0_281-b09)
# Java VM: Java HotSpot(TM) 64-Bit Server VM (25.281-b09 mixed mode windows-amd64 compressed oops)
Heap:
 PSYoungGen      total 133120K, used 68464K [0x00000000f5580000, 0x0000000100000000, 0x0000000100000000)
  eden space 103936K, 37% used [0x00000000f5580000,0x00000000f7bdc3a8,0x00000000fbb00000)
  from space 29184K, 99% used [0x00000000fe380000,0x00000000ffffffb0,0x0000000100000000)
  to   space 35328K, 0% used [0x00000000fbb00000,0x00000000fbb00000,0x00000000fdd80000)
 ParOldGen       total 177664K, used 81755K [0x00000000e0000000, 0x00000000ead80000, 0x00000000f5580000)
  object space 177664K, 46% used [0x00000000e0000000,0x00000000e4fd6c40,0x00000000ead80000)
 Metaspace       used 77552K, capacity 83104K, committed 83200K, reserved 1120256K
  class space    used 10633K, capacity 11764K, committed 11776K, reserved 1048576K
GC Heap History (10 events):
Event: 29.028 GC heap before
{Heap before GC invocations=15 (full 3):
 PSYoungGen      total 148992K, used 148568K [0x00000000f5580000, 0x0000000100000000, 0x0000000100000000)
  eden space 133632K, 100% used [0x00000000f5580000,0x00000000fd800000,0x00000000fd800000)
  from space 15360K, 97% used [0x00000000fd800000,0x00000000fe6960d8,0x00000000fe700000)
  to   space 20992K, 0% used [0x00000000feb80000,0x00000000feb80000,0x0000000100000000)
 ParOldGen       total 177664K, used 34508K [0x00000000e0000000, 0x00000000ead80000, 0x00000000f5580000)
  object space 177664K, 19% used [0x00000000e0000000,0x00000000e21b33f0,0x00000000ead80000)
 Metaspace       used 68339K, capacity 72104K, committed 72320K, reserved 1112064K
  class space    used 9443K, capacity 10312K, committed 10368K, reserved 1048576K
Event: 29.054 GC heap after
Heap after GC invocations=15 (full 3):
 PSYoungGen      total 151552K, used 17266K [0x00000000f5580000, 0x0000000100000000, 0x0000000100000000)
  eden space 130560K, 0% used [0x00000000f5580000,0x00000000f5580000,0x00000000fd500000)
  from space 20992K, 82% used [0x00000000feb80000,0x00000000ffc5c968,0x0000000100000000)
  to   space 22016K, 0% used [0x00000000fd500000,0x00000000fd500000,0x00000000fea80000)
 ParOldGen       total 177664K, used 43914K [0x00000000e0000000, 0x00000000ead80000, 0x00000000f5580000)
  object space 177664K, 24% used [0x00000000e0000000,0x00000000e2ae2a50,0x00000000ead80000)
 Metaspace       used 68339K, capacity 72104K, committed 72320K, reserved 1112064K
  class space    used 9443K, capacity 10312K, committed 10368K, reserved 1048576K
}
Event: 31.010 GC heap before
{Heap before GC invocations=16 (full 3):
 PSYoungGen      total 151552K, used 147826K [0x00000000f5580000, 0x0000000100000000, 0x0000000100000000)
  eden space 130560K, 100% used [0x00000000f5580000,0x00000000fd500000,0x00000000fd500000)
  from space 20992K, 82% used [0x00000000feb80000,0x00000000ffc5c968,0x0000000100000000)
  to   space 22016K, 0% used [0x00000000fd500000,0x00000000fd500000,0x00000000fea80000)
 ParOldGen       total 177664K, used 43914K [0x00000000e0000000, 0x00000000ead80000, 0x00000000f5580000)
  object space 177664K, 24% used [0x00000000e0000000,0x00000000e2ae2a50,0x00000000ead80000)
 Metaspace       used 70785K, capacity 75482K, committed 75648K, reserved 1114112K
  class space    used 9784K, capacity 10783K, committed 10880K, reserved 1048576K
Event: 31.036 GC heap after
Heap after GC invocations=16 (full 3):
 PSYoungGen      total 152576K, used 21984K [0x00000000f5580000, 0x0000000100000000, 0x0000000100000000)
  eden space 130560K, 0% used [0x00000000f5580000,0x00000000f5580000,0x00000000fd500000)
  from space 22016K, 99% used [0x00000000fd500000,0x00000000fea78020,0x00000000fea80000)
  to   space 22016K, 0% used [0x00000000fea80000,0x00000000fea80000,0x0000000100000000)
 ParOldGen       total 177664K, used 55150K [0x00000000e0000000, 0x00000000ead80000, 0x00000000f5580000)
  object space 177664K, 31% used [0x00000000e0000000,0x00000000e35dbb80,0x00000000ead80000)
 Metaspace       used 70785K, capacity 75482K, committed 75648K, reserved 1114112K
  class space    used 9784K, capacity 10783K, committed 10880K, reserved 1048576K
}
Event: 33.737 GC heap before
{Heap before GC invocations=17 (full 3):
 PSYoungGen      total 152576K, used 152544K [0x00000000f5580000, 0x0000000100000000, 0x0000000100000000)
  eden space 130560K, 100% used [0x00000000f5580000,0x00000000fd500000,0x00000000fd500000)
  from space 22016K, 99% used [0x00000000fd500000,0x00000000fea78020,0x00000000fea80000)
  to   space 22016K, 0% used [0x00000000fea80000,0x00000000fea80000,0x0000000100000000)
 ParOldGen       total 177664K, used 55150K [0x00000000e0000000, 0x00000000ead80000, 0x00000000f5580000)
  object space 177664K, 31% used [0x00000000e0000000,0x00000000e35dbb80,0x00000000ead80000)
 Metaspace       used 73120K, capacity 78300K, committed 78592K, reserved 1116160K
  class space    used 10120K, capacity 11200K, committed 11264K, reserved 1048576K
Event: 33.762 GC heap after
Heap after GC invocations=17 (full 3):
 PSYoungGen      total 139264K, used 8461K [0x00000000f5580000, 0x0000000100000000, 0x0000000100000000)
  eden space 117248K, 0% used [0x00000000f5580000,0x00000000f5580000,0x00000000fc800000)
  from space 22016K, 38% used [0x00000000fea80000,0x00000000ff2c3530,0x0000000100000000)
  to   space 28672K, 0% used [0x00000000fc800000,0x00000000fc800000,0x00000000fe400000)
 ParOldGen       total 177664K, used 76753K [0x00000000e0000000, 0x00000000ead80000, 0x00000000f5580000)
  object space 177664K, 43% used [0x00000000e0000000,0x00000000e4af46c8,0x00000000ead80000)
 Metaspace       used 73120K, capacity 78300K, committed 78592K, reserved 1116160K
  class space    used 10120K, capacity 11200K, committed 11264K, reserved 1048576K
}
Event: 36.644 GC heap before
{Heap before GC invocations=18 (full 3):
 PSYoungGen      total 139264K, used 125709K [0x00000000f5580000, 0x0000000100000000, 0x0000000100000000)
  eden space 117248K, 100% used [0x00000000f5580000,0x00000000fc800000,0x00000000fc800000)
  from space 22016K, 38% used [0x00000000fea80000,0x00000000ff2c3530,0x0000000100000000)
  to   space 28672K, 0% used [0x00000000fc800000,0x00000000fc800000,0x00000000fe400000)
 ParOldGen       total 177664K, used 76753K [0x00000000e0000000, 0x00000000ead80000, 0x00000000f5580000)
  object space 177664K, 43% used [0x00000000e0000000,0x00000000e4af46c8,0x00000000ead80000)
 Metaspace       used 75726K, capacity 81110K, committed 81280K, reserved 1118208K
  class space    used 10440K, capacity 11557K, committed 11648K, reserved 1048576K
Event: 36.672 GC heap after
Heap after GC invocations=18 (full 3):
 PSYoungGen      total 137216K, used 19552K [0x00000000f5580000, 0x0000000100000000, 0x0000000100000000)
  eden space 117248K, 0% used [0x00000000f5580000,0x00000000f5580000,0x00000000fc800000)
  from space 19968K, 97% used [0x00000000fc800000,0x00000000fdb18388,0x00000000fdb80000)
  to   space 29184K, 0% used [0x00000000fe380000,0x00000000fe380000,0x0000000100000000)
 ParOldGen       total 177664K, used 76761K [0x00000000e0000000, 0x00000000ead80000, 0x00000000f5580000)
  object space 177664K, 43% used [0x00000000e0000000,0x00000000e4af66c8,0x00000000ead80000)
 Metaspace       used 75726K, capacity 81110K, committed 81280K, reserved 1118208K
  class space    used 10440K, capacity 11557K, committed 11648K, reserved 1048576K
}
Event: 39.718 GC heap before
{Heap before GC invocations=19 (full 3):
 PSYoungGen      total 137216K, used 136800K [0x00000000f5580000, 0x0000000100000000, 0x0000000100000000)
  eden space 117248K, 100% used [0x00000000f5580000,0x00000000fc800000,0x00000000fc800000)
  from space 19968K, 97% used [0x00000000fc800000,0x00000000fdb18388,0x00000000fdb80000)
  to   space 29184K, 0% used [0x00000000fe380000,0x00000000fe380000,0x0000000100000000)
 ParOldGen       total 177664K, used 76761K [0x00000000e0000000, 0x00000000ead80000, 0x00000000f5580000)
  object space 177664K, 43% used [0x00000000e0000000,0x00000000e4af66c8,0x00000000ead80000)
 Metaspace       used 76579K, capacity 82080K, committed 82304K, reserved 1120256K
  class space    used 10498K, capacity 11620K, committed 11648K, reserved 1048576K
Event: 39.748 GC heap after
Heap after GC invocations=19 (full 3):
 PSYoungGen      total 133120K, used 29183K [0x00000000f5580000, 0x0000000100000000, 0x0000000100000000)
  eden space 103936K, 0% used [0x00000000f5580000,0x00000000f5580000,0x00000000fbb00000)
  from space 29184K, 99% used [0x00000000fe380000,0x00000000ffffffb0,0x0000000100000000)
  to   space 35328K, 0% used [0x00000000fbb00000,0x00000000fbb00000,0x00000000fdd80000)
 ParOldGen       total 177664K, used 81755K [0x00000000e0000000, 0x00000000ead80000, 0x00000000f5580000)
  object space 177664K, 46% used [0x00000000e0000000,0x00000000e4fd6c40,0x00000000ead80000)
 Metaspace       used 76579K, capacity 82080K, committed 82304K, reserved 1120256K
  class space    used 10498K, capacity 11620K, committed 11648K, reserved 1048576K
}

