# JRE version: Java(TM) SE Runtime Environment (8.0_281-b09) (build 1.8.0_281-b09)
# Java VM: Java HotSpot(TM) 64-Bit Server VM (25.281-b09 mixed mode windows-amd64 compressed oops)
Heap:
 PSYoungGen      total 76288K, used 23643K [0x00000000f5580000, 0x00000000fd100000, 0x0000000100000000)
  eden space 65536K, 23% used [0x00000000f5580000,0x00000000f6455108,0x00000000f9580000)
  from space 10752K, 78% used [0x00000000f9580000,0x00000000f9dc1e40,0x00000000fa000000)
  to   space 12288K, 0% used [0x00000000fc500000,0x00000000fc500000,0x00000000fd100000)
 ParOldGen       total 175104K, used 7220K [0x00000000e0000000, 0x00000000eab00000, 0x00000000f5580000)
  object space 175104K, 4% used [0x00000000e0000000,0x00000000e070d090,0x00000000eab00000)
 Metaspace       used 29757K, capacity 30524K, committed 30720K, reserved 1075200K
  class space    used 4069K, capacity 4272K, committed 4352K, reserved 1048576K
GC Heap History (10 events):
Event: 4.979 GC heap before
{Heap before GC invocations=2 (full 0):
 PSYoungGen      total 76288K, used 71289K [0x00000000f5580000, 0x00000000faa80000, 0x0000000100000000)
  eden space 65536K, 100% used [0x00000000f5580000,0x00000000f9580000,0x00000000f9580000)
  from space 10752K, 53% used [0x00000000f9580000,0x00000000f9b1e598,0x00000000fa000000)
  to   space 10752K, 0% used [0x00000000fa000000,0x00000000fa000000,0x00000000faa80000)
 ParOldGen       total 175104K, used 16K [0x00000000e0000000, 0x00000000eab00000, 0x00000000f5580000)
  object space 175104K, 0% used [0x00000000e0000000,0x00000000e0004020,0x00000000eab00000)
 Metaspace       used 14872K, capacity 15230K, committed 15488K, reserved 1062912K
  class space    used 1996K, capacity 2129K, committed 2176K, reserved 1048576K
Event: 4.989 GC heap after
Heap after GC invocations=2 (full 0):
 PSYoungGen      total 76288K, used 9317K [0x00000000f5580000, 0x00000000faa80000, 0x0000000100000000)
  eden space 65536K, 0% used [0x00000000f5580000,0x00000000f5580000,0x00000000f9580000)
  from space 10752K, 86% used [0x00000000fa000000,0x00000000fa919780,0x00000000faa80000)
  to   space 10752K, 0% used [0x00000000f9580000,0x00000000f9580000,0x00000000fa000000)
 ParOldGen       total 175104K, used 24K [0x00000000e0000000, 0x00000000eab00000, 0x00000000f5580000)
  object space 175104K, 0% used [0x00000000e0000000,0x00000000e0006020,0x00000000eab00000)
 Metaspace       used 14872K, capacity 15230K, committed 15488K, reserved 1062912K
  class space    used 1996K, capacity 2129K, committed 2176K, reserved 1048576K
}
Event: 7.578 GC heap before
{Heap before GC invocations=3 (full 0):
 PSYoungGen      total 76288K, used 74853K [0x00000000f5580000, 0x00000000faa80000, 0x0000000100000000)
  eden space 65536K, 100% used [0x00000000f5580000,0x00000000f9580000,0x00000000f9580000)
  from space 10752K, 86% used [0x00000000fa000000,0x00000000fa919780,0x00000000faa80000)
  to   space 10752K, 0% used [0x00000000f9580000,0x00000000f9580000,0x00000000fa000000)
 ParOldGen       total 175104K, used 33K [0x00000000e0000000, 0x00000000eab00000, 0x00000000f5580000)
  object space 175104K, 0% used [0x00000000e0000000,0x00000000e00087e0,0x00000000eab00000)
 Metaspace       used 20067K, capacity 20554K, committed 20736K, reserved 1067008K
  class space    used 2871K, capacity 3017K, committed 3072K, reserved 1048576K
Event: 7.592 GC heap after
Heap after GC invocations=3 (full 0):
 PSYoungGen      total 76288K, used 10744K [0x00000000f5580000, 0x00000000faa80000, 0x0000000100000000)
  eden space 65536K, 0% used [0x00000000f5580000,0x00000000f5580000,0x00000000f9580000)
  from space 10752K, 99% used [0x00000000f9580000,0x00000000f9ffe1f8,0x00000000fa000000)
  to   space 10752K, 0% used [0x00000000fa000000,0x00000000fa000000,0x00000000faa80000)
 ParOldGen       total 175104K, used 875K [0x00000000e0000000, 0x00000000eab00000, 0x00000000f5580000)
  object space 175104K, 0% used [0x00000000e0000000,0x00000000e00dadc0,0x00000000eab00000)
 Metaspace       used 20067K, capacity 20554K, committed 20736K, reserved 1067008K
  class space    used 2871K, capacity 3017K, committed 3072K, reserved 1048576K
}
Event: 7.790 GC heap before
{Heap before GC invocations=4 (full 0):
 PSYoungGen      total 76288K, used 20239K [0x00000000f5580000, 0x00000000faa80000, 0x0000000100000000)
  eden space 65536K, 14% used [0x00000000f5580000,0x00000000f5ec5c40,0x00000000f9580000)
  from space 10752K, 99% used [0x00000000f9580000,0x00000000f9ffe1f8,0x00000000fa000000)
  to   space 10752K, 0% used [0x00000000fa000000,0x00000000fa000000,0x00000000faa80000)
 ParOldGen       total 175104K, used 875K [0x00000000e0000000, 0x00000000eab00000, 0x00000000f5580000)
  object space 175104K, 0% used [0x00000000e0000000,0x00000000e00dadc0,0x00000000eab00000)
 Metaspace       used 20648K, capacity 21212K, committed 21296K, reserved 1067008K
  class space    used 2969K, capacity 3150K, committed 3200K, reserved 1048576K
Event: 7.796 GC heap after
Heap after GC invocations=4 (full 0):
 PSYoungGen      total 76288K, used 7369K [0x00000000f5580000, 0x00000000faa80000, 0x0000000100000000)
  eden space 65536K, 0% used [0x00000000f5580000,0x00000000f5580000,0x00000000f9580000)
  from space 10752K, 68% used [0x00000000fa000000,0x00000000fa732408,0x00000000faa80000)
  to   space 10752K, 0% used [0x00000000f9580000,0x00000000f9580000,0x00000000fa000000)
 ParOldGen       total 175104K, used 883K [0x00000000e0000000, 0x00000000eab00000, 0x00000000f5580000)
  object space 175104K, 0% used [0x00000000e0000000,0x00000000e00dcdc0,0x00000000eab00000)
 Metaspace       used 20648K, capacity 21212K, committed 21296K, reserved 1067008K
  class space    used 2969K, capacity 3150K, committed 3200K, reserved 1048576K
}
Event: 7.796 GC heap before
{Heap before GC invocations=5 (full 1):
 PSYoungGen      total 76288K, used 7369K [0x00000000f5580000, 0x00000000faa80000, 0x0000000100000000)
  eden space 65536K, 0% used [0x00000000f5580000,0x00000000f5580000,0x00000000f9580000)
  from space 10752K, 68% used [0x00000000fa000000,0x00000000fa732408,0x00000000faa80000)
  to   space 10752K, 0% used [0x00000000f9580000,0x00000000f9580000,0x00000000fa000000)
 ParOldGen       total 175104K, used 883K [0x00000000e0000000, 0x00000000eab00000, 0x00000000f5580000)
  object space 175104K, 0% used [0x00000000e0000000,0x00000000e00dcdc0,0x00000000eab00000)
 Metaspace       used 20648K, capacity 21212K, committed 21296K, reserved 1067008K
  class space    used 2969K, capacity 3150K, committed 3200K, reserved 1048576K
Event: 7.847 GC heap after
Heap after GC invocations=5 (full 1):
 PSYoungGen      total 76288K, used 0K [0x00000000f5580000, 0x00000000faa80000, 0x0000000100000000)
  eden space 65536K, 0% used [0x00000000f5580000,0x00000000f5580000,0x00000000f9580000)
  from space 10752K, 0% used [0x00000000fa000000,0x00000000fa000000,0x00000000faa80000)
  to   space 10752K, 0% used [0x00000000f9580000,0x00000000f9580000,0x00000000fa000000)
 ParOldGen       total 175104K, used 7212K [0x00000000e0000000, 0x00000000eab00000, 0x00000000f5580000)
  object space 175104K, 4% used [0x00000000e0000000,0x00000000e070b090,0x00000000eab00000)
 Metaspace       used 20648K, capacity 21212K, committed 21296K, reserved 1067008K
  class space    used 2969K, capacity 3150K, committed 3200K, reserved 1048576K
}
Event: 11.128 GC heap before
{Heap before GC invocations=6 (full 1):
 PSYoungGen      total 76288K, used 65536K [0x00000000f5580000, 0x00000000faa80000, 0x0000000100000000)
  eden space 65536K, 100% used [0x00000000f5580000,0x00000000f9580000,0x00000000f9580000)
  from space 10752K, 0% used [0x00000000fa000000,0x00000000fa000000,0x00000000faa80000)
  to   space 10752K, 0% used [0x00000000f9580000,0x00000000f9580000,0x00000000fa000000)
 ParOldGen       total 175104K, used 7212K [0x00000000e0000000, 0x00000000eab00000, 0x00000000f5580000)
  object space 175104K, 4% used [0x00000000e0000000,0x00000000e070b090,0x00000000eab00000)
 Metaspace       used 29205K, capacity 29900K, committed 30080K, reserved 1075200K
  class space    used 3982K, capacity 4194K, committed 4224K, reserved 1048576K
Event: 11.134 GC heap after
Heap after GC invocations=6 (full 1):
 PSYoungGen      total 76288K, used 8455K [0x00000000f5580000, 0x00000000fd100000, 0x0000000100000000)
  eden space 65536K, 0% used [0x00000000f5580000,0x00000000f5580000,0x00000000f9580000)
  from space 10752K, 78% used [0x00000000f9580000,0x00000000f9dc1e40,0x00000000fa000000)
  to   space 12288K, 0% used [0x00000000fc500000,0x00000000fc500000,0x00000000fd100000)
 ParOldGen       total 175104K, used 7220K [0x00000000e0000000, 0x00000000eab00000, 0x00000000f5580000)
  object space 175104K, 4% used [0x00000000e0000000,0x00000000e070d090,0x00000000eab00000)
 Metaspace       used 29205K, capacity 29900K, committed 30080K, reserved 1075200K
  class space    used 3982K, capacity 4194K, committed 4224K, reserved 1048576K
}

